Build started 2016-02-28 16:00:57.
     1>Project "C:\Users\Jacek\Documents\Visual Studio 2010\Projects\AlgorytmGenetycznyEkstremumFunkcji\AlgorytmGenetycznyEkstremumFunkcji\AlgorytmGenetycznyEkstremumFunkcji.vcxproj" on node 2 (build target(s)).
     1>InitializeBuildStatus:
         Creating "Debug\AlgorytmGenetycznyEkstremumFunkcji.unsuccessfulbuild" because "AlwaysCreate" was specified.
       GenerateTargetFrameworkMonikerAttribute:
       Skipping target "GenerateTargetFrameworkMonikerAttribute" because all output files are up-to-date with respect to the input files.
       ClCompile:
         All outputs are up-to-date.
         C:\Program Files\Microsoft Visual Studio 10.0\VC\bin\CL.exe /c /AI"C:\Program Files\Reference Assemblies\Microsoft\Framework\.NETFramework\v4.0" /Zi /clr:pure /nologo /W3 /WX- /Od /Oy- /D WIN32 /D _DEBUG /D _UNICODE /D UNICODE /EHa /MDd /GS /fp:precise /Zc:wchar_t /Zc:forScope /Yu"StdAfx.h" /Fp"Debug\AlgorytmGenetycznyEkstremumFunkcji.pch" /Fo"Debug\\" /Fd"Debug\vc100.pdb" /TP /FU"C:\Program Files\Reference Assemblies\Microsoft\Framework\.NETFramework\v4.0\mscorlib.dll" /FU"C:\Program Files\Reference Assemblies\Microsoft\Framework\.NETFramework\v4.0\System.Data.dll" /FU"C:\Program Files\Reference Assemblies\Microsoft\Framework\.NETFramework\v4.0\System.dll" /FU"C:\Program Files\Reference Assemblies\Microsoft\Framework\.NETFramework\v4.0\System.Drawing.dll" /FU"C:\Program Files\Reference Assemblies\Microsoft\Framework\.NETFramework\v4.0\System.Windows.Forms.dll" /FU"C:\Program Files\Reference Assemblies\Microsoft\Framework\.NETFramework\v4.0\System.Xml.dll" /analyze- /errorReport:prompt AlgorytmGenetycznyEkstremumFunkcji.cpp /clr:nostdlib 
         AlgorytmGenetycznyEkstremumFunkcji.cpp
         All outputs are up-to-date.
       CoreResGen:
         "C:\Program Files\Microsoft SDKs\Windows\v8.0A\bin\NETFX 4.0 Tools\resgen.exe" /useSourcePath /r:"C:\Program Files\Reference Assemblies\Microsoft\Framework\.NETFramework\v4.0\mscorlib.dll" /r:"C:\Program Files\Reference Assemblies\Microsoft\Framework\.NETFramework\v4.0\System.Data.dll" /r:"C:\Program Files\Reference Assemblies\Microsoft\Framework\.NETFramework\v4.0\System.dll" /r:"C:\Program Files\Reference Assemblies\Microsoft\Framework\.NETFramework\v4.0\System.Drawing.dll" /r:"C:\Program Files\Reference Assemblies\Microsoft\Framework\.NETFramework\v4.0\System.Windows.Forms.dll" /r:"C:\Program Files\Reference Assemblies\Microsoft\Framework\.NETFramework\v4.0\System.Xml.dll" /compile Form1.resX,Debug\AlgorytmGenetycznyEkstremumFunkcji.Form1.resources
         Processing resource file "Form1.resX" into "Debug\AlgorytmGenetycznyEkstremumFunkcji.Form1.resources".
       Link:
         C:\Program Files\Microsoft Visual Studio 10.0\VC\bin\link.exe /ERRORREPORT:PROMPT /OUT:"C:\Users\Jacek\Documents\Visual Studio 2010\Projects\AlgorytmGenetycznyEkstremumFunkcji\Debug\AlgorytmGenetycznyEkstremumFunkcji.exe" /INCREMENTAL /NOLOGO /ASSEMBLYRESOURCE:Debug\AlgorytmGenetycznyEkstremumFunkcji.Form1.resources /MANIFEST /ManifestFile:"Debug\AlgorytmGenetycznyEkstremumFunkcji.exe.intermediate.manifest" /MANIFESTUAC:"level='asInvoker' uiAccess='false'" /DEBUG /PDB:"C:\Users\Jacek\Documents\Visual Studio 2010\Projects\AlgorytmGenetycznyEkstremumFunkcji\Debug\AlgorytmGenetycznyEkstremumFunkcji.pdb" /ASSEMBLYDEBUG /SUBSYSTEM:WINDOWS /TLBID:1 /ENTRY:"main" /DYNAMICBASE /FIXED:NO /NXCOMPAT /MACHINE:X86 Debug\AlgorytmGenetycznyEkstremumFunkcji.obj
         Debug\AssemblyInfo.obj
         Debug\expression_parser.obj
         Debug\stdafx.obj
         "Debug\.NETFramework,Version=v4.0.AssemblyAttributes.obj"
         AlgorytmGenetycznyEkstremumFunkcji.vcxproj -> C:\Users\Jacek\Documents\Visual Studio 2010\Projects\AlgorytmGenetycznyEkstremumFunkcji\Debug\AlgorytmGenetycznyEkstremumFunkcji.exe
       Manifest:
         C:\Program Files\Microsoft SDKs\Windows\v7.0A\bin\mt.exe /nologo /verbose /outputresource:"C:\Users\Jacek\Documents\Visual Studio 2010\Projects\AlgorytmGenetycznyEkstremumFunkcji\Debug\AlgorytmGenetycznyEkstremumFunkcji.exe;#1" /manifest Debug\AlgorytmGenetycznyEkstremumFunkcji.exe.intermediate.manifest
       FinalizeBuildStatus:
         Deleting file "Debug\AlgorytmGenetycznyEkstremumFunkcji.unsuccessfulbuild".
         Touching "Debug\AlgorytmGenetycznyEkstremumFunkcji.lastbuildstate".
     1>Done Building Project "C:\Users\Jacek\Documents\Visual Studio 2010\Projects\AlgorytmGenetycznyEkstremumFunkcji\AlgorytmGenetycznyEkstremumFunkcji\AlgorytmGenetycznyEkstremumFunkcji.vcxproj" (build target(s)).

Build succeeded.

Time Elapsed 00:00:06.49
